<?xml version="1.0" encoding="UTF-8"?>
<!-- Generated by org.testng.reporters.JUnitReportReporter -->
<testsuite skipped="0" hostname="LAPTOP-INV4FEQ8" name="c_family.CCC" tests="2" failures="0" timestamp="06 Jun 2022 00:21:29 GMT" time="2.057" errors="0">
  <testcase name="testCCC" time="1.038" classname="c_family.CCC"/>
  <testcase name="testCCC" time="1.019" classname="c_family.CCC"/>
</testsuite> <!-- c_family.CCC -->
