<?xml version="1.0" encoding="UTF-8"?>
<!-- Generated by org.testng.reporters.JUnitReportReporter -->
<testsuite skipped="0" hostname="LAPTOP-INV4FEQ8" name="a_family.AA" tests="2" failures="0" timestamp="06 Jun 2022 00:46:51 GMT" time="2.071" errors="0">
  <testcase name="testAA" time="1.028" classname="a_family.AA"/>
  <testcase name="testAA" time="1.043" classname="a_family.AA"/>
</testsuite> <!-- a_family.AA -->
