<?xml version="1.0" encoding="UTF-8"?>
<!-- Generated by org.testng.reporters.JUnitReportReporter -->
<testsuite skipped="0" hostname="LAPTOP-INV4FEQ8" name="b_family.B" tests="2" failures="0" timestamp="06 Jun 2022 00:26:07 GMT" time="3.221" errors="0">
  <testcase name="testB" time="1.543" classname="b_family.B"/>
  <testcase name="testB" time="1.678" classname="b_family.B"/>
</testsuite> <!-- b_family.B -->
