<?xml version="1.0" encoding="UTF-8"?>
<!-- Generated by org.testng.reporters.JUnitReportReporter -->
<testsuite skipped="0" hostname="LAPTOP-INV4FEQ8" name="a_family.A" tests="2" failures="0" timestamp="06 Jun 2022 00:46:51 GMT" time="3.331" errors="0">
  <testcase name="testA" time="1.639" classname="a_family.A"/>
  <testcase name="testA" time="1.692" classname="a_family.A"/>
</testsuite> <!-- a_family.A -->
