<?xml version="1.0" encoding="UTF-8"?>
<!-- Generated by org.testng.reporters.JUnitReportReporter -->
<testsuite skipped="0" hostname="LAPTOP-INV4FEQ8" name="c_family.C" tests="2" failures="0" timestamp="06 Jun 2022 00:21:29 GMT" time="2.055" errors="0">
  <testcase name="testC" time="1.032" classname="c_family.C"/>
  <testcase name="testC" time="1.023" classname="c_family.C"/>
</testsuite> <!-- c_family.C -->
