<?xml version="1.0" encoding="UTF-8"?>
<!-- Generated by org.testng.reporters.JUnitReportReporter -->
<testsuite skipped="0" hostname="LAPTOP-INV4FEQ8" name="c_family.CC" tests="2" failures="0" timestamp="06 Jun 2022 00:21:29 GMT" time="2.095" errors="0">
  <testcase name="testCC" time="1.027" classname="c_family.CC"/>
  <testcase name="testCC" time="1.068" classname="c_family.CC"/>
</testsuite> <!-- c_family.CC -->
