<?xml version="1.0" encoding="UTF-8"?>
<!-- Generated by org.testng.reporters.JUnitReportReporter -->
<testsuite skipped="0" hostname="LAPTOP-INV4FEQ8" name="b_family.BB" tests="2" failures="0" timestamp="06 Jun 2022 00:26:07 GMT" time="2.093" errors="0">
  <testcase name="testBB" time="1.051" classname="b_family.BB"/>
  <testcase name="testBB" time="1.042" classname="b_family.BB"/>
</testsuite> <!-- b_family.BB -->
